<?xml version="1.0" encoding="utf-8" standalone="no"?>
<test-run id="2" testcasecount="1" result="Passed" total="1" passed="1" failed="0" inconclusive="0" skipped="0" asserts="1" engine-version="3.2.0.0" clr-version="4.0.30319.42000" start-time="2016-03-12 19:59:20Z" end-time="2016-03-12 19:59:20Z" duration="0.098626">
  <command-line><![CDATA["Y:\Documents\Visual Studio 2013\Projects\GitHub\FSharpDemo\packages\NUnit.ConsoleRunner\tools\nunit3-console.exe" "--noheader" "Y:\Documents\Visual Studio 2013\Projects\GitHub\FSharpDemo\test\FSharpDemo.Test.dll" ]]></command-line>
  <test-suite type="Assembly" id="0-1002" name="FSharpDemo.Test.dll" fullname="Y:\Documents\Visual Studio 2013\Projects\GitHub\FSharpDemo\test\FSharpDemo.Test.dll" runstate="Runnable" testcasecount="1" result="Passed" start-time="2016-03-12 19:59:20Z" end-time="2016-03-12 19:59:20Z" duration="0.055535" total="1" passed="1" failed="0" inconclusive="0" skipped="0" asserts="1">
    <environment framework-version="3.0.5813.39031" clr-version="4.0.30319.42000" os-version="Microsoft Windows NT 6.3.9600.0" platform="Win32NT" cwd="Y:\Documents\Visual Studio 2013\Projects\GitHub\FSharpDemo" machine-name="JONWOOD3FEB" user="jonwood" user-domain="JONWOOD3FEB" culture="en-US" uiculture="en-US" os-architecture="x64" />
    <settings>
      <setting name="WorkDirectory" value="Y:\Documents\Visual Studio 2013\Projects\GitHub\FSharpDemo" />
      <setting name="ImageRuntimeVersion" value="4.0.30319" />
      <setting name="ImageTargetFrameworkName" value=".NETFramework,Version=v4.5.2" />
      <setting name="ImageRequiresX86" value="False" />
      <setting name="ImageRequiresDefaultAppDomainAssemblyResolver" value="False" />
      <setting name="NumberOfTestWorkers" value="2" />
    </settings>
    <properties>
      <property name="_PID" value="732" />
      <property name="_APPDOMAIN" value="test-domain-" />
    </properties>
    <test-suite type="TestSuite" id="0-1003" name="FSharpDemo" fullname="FSharpDemo" runstate="Runnable" testcasecount="1" result="Passed" start-time="2016-03-12 19:59:20Z" end-time="2016-03-12 19:59:20Z" duration="0.045742" total="1" passed="1" failed="0" inconclusive="0" skipped="0" asserts="1">
      <test-suite type="TestSuite" id="0-1004" name="Test" fullname="FSharpDemo.Test" runstate="Runnable" testcasecount="1" result="Passed" start-time="2016-03-12 19:59:20Z" end-time="2016-03-12 19:59:20Z" duration="0.045640" total="1" passed="1" failed="0" inconclusive="0" skipped="0" asserts="1">
        <test-suite type="TestFixture" id="0-1000" name="Class1" fullname="FSharpDemo.Test.Class1" classname="FSharpDemo.Test.Class1" runstate="Runnable" testcasecount="1" result="Passed" start-time="2016-03-12 19:59:20Z" end-time="2016-03-12 19:59:20Z" duration="0.043784" total="1" passed="1" failed="0" inconclusive="0" skipped="0" asserts="1">
          <test-case id="0-1001" name="X" fullname="FSharpDemo.Test.Class1.X" methodname="X" classname="FSharpDemo.Test.Class1" runstate="Runnable" seed="798259755" result="Passed" start-time="2016-03-12 19:59:20Z" end-time="2016-03-12 19:59:20Z" duration="0.030906" asserts="1" />
        </test-suite>
      </test-suite>
    </test-suite>
  </test-suite>
</test-run>